Arguments: 
  /usr/local/bin/node /usr/local/bin/yarn add --dev husky

PATH: 
  /usr/local/bin:/usr/bin:/bin:/usr/sbin:/sbin

Yarn version: 
  1.22.19

Node version: 
  16.16.0

Platform: 
  darwin x64

Trace: 
  Error: unable to get local issuer certificate
      at TLSSocket.onConnectSecure (node:_tls_wrap:1532:34)
      at TLSSocket.emit (node:events:527:28)
      at TLSSocket._finishInit (node:_tls_wrap:946:8)
      at TLSWrap.ssl.onhandshakedone (node:_tls_wrap:727:12)

npm manifest: 
  {
    "name": "chrizu-dev",
    "version": "1.0.0",
    "private": true,
    "description": "chrizu-dev",
    "author": "Krzysztof Bonecki",
    "keywords": [
      "gatsby"
    ],
    "scripts": {
      "develop": "gatsby develop",
      "start": "gatsby develop",
      "build": "gatsby build",
      "serve": "gatsby serve",
      "clean": "gatsby clean",
      "typecheck": "tsc --noEmit"
    },
    "dependencies": {
      "gatsby": "^4.18.0",
      "gatsby-plugin-image": "^2.18.0",
      "gatsby-plugin-react-helmet": "^5.18.0",
      "gatsby-plugin-sharp": "^4.18.0",
      "gatsby-plugin-sitemap": "^5.18.0",
      "gatsby-source-filesystem": "^4.18.0",
      "gatsby-transformer-sharp": "^4.18.0",
      "react": "^18.1.0",
      "react-dom": "^18.1.0",
      "react-helmet": "^6.1.0",
      "scrollmagic": "^2.0.8"
    },
    "devDependencies": {
      "@types/node": "^17.0.45",
      "@types/react": "^18.0.14",
      "@types/react-dom": "^18.0.5",
      "autoprefixer": "^10.4.7",
      "gatsby-plugin-postcss": "^5.18.0",
      "postcss": "^8.4.14",
      "tailwindcss": "^3.1.5",
      "typescript": "^4.7.4"
    }
  }

yarn manifest: 
  No manifest

Lockfile: 
  No lockfile
